{"level":"info","ts":1660883619.8464966,"caller":"server/server_main.go:41","msg":"starting with version: 2.1.0-beta20"}
{"level":"warn","ts":1660883619.8467228,"caller":"client/client.go:73","msg":"Your license format is outdated. Please contact support to have your license reissued."}
{"level":"info","ts":1660883619.847323,"caller":"grpclog/grpclog.go:37","msg":"[core][Server #1] Server created","system":"grpc","grpc_log":true}
{"level":"info","ts":1660883619.8481455,"caller":"grpclog/grpclog.go:37","msg":"[core][Server #1 ListenSocket #2] ListenSocket created","system":"grpc","grpc_log":true}
{"level":"info","ts":1660883620.9005704,"caller":"rest/request.go:602","msg":"Waited for 1.037248277s due to client-side throttling, not priority and fairness, request: GET:https://10.10.80.1:443/apis/node.k8s.io/v1beta1?timeout=32s\n"}
{"level":"info","ts":1660883621.6586013,"logger":"controller-runtime-manager","caller":"errgroup/errgroup.go:60","msg":"starting manager with options {StatsBindPort:9091 Namespace: VerboseMode:false DevLogger:false ManagementContext: LeaderElection:true}"}
{"level":"info","ts":1660883621.6586993,"caller":"leaderelection/leaderelection.go:206","msg":"attempting to acquire leader lease gloo-mesh/mgmt-server...\n"}
{"level":"info","ts":1660883621.6587965,"logger":"relay-reconciler","caller":"bootstrap/bootstrap.go:286","msg":"starting gloo mesh relay"}
{"level":"info","ts":1660883621.658857,"logger":"istio-lifecycle","caller":"bootstrap/bootstrap.go:286","msg":"starting Istio lifecycle server"}
{"level":"info","ts":1660883621.6588125,"logger":"translator","caller":"bootstrap/bootstrap.go:286","msg":"starting gloo mesh translator"}
{"level":"info","ts":1660883621.6591043,"logger":"issuer","caller":"bootstrap/bootstrap.go:286","msg":"starting gloo mesh cert issuer"}
{"level":"info","ts":1660883621.662031,"logger":"relay-server","caller":"start/start.go:227","msg":"starting relay server with options {SigningTlsSecret:gloo-mesh/relay-tls-signing-secret DisableRelayCa:false PushRBACFromRelay:true TokenSecret:{Name:relay-identity-token-secret Namespace:gloo-mesh Key:token} GrpcBindPort:9900}, {ManagementCluster:mgmt-cluster RelayTlsSecret:gloo-mesh/relay-server-tls-secret Insecure:false MaxGrpcMessageSize:4294967295 VerboseMode:false EnableGRPCServerReflection:true}"}
{"level":"info","ts":1660883621.6621628,"logger":"controller.cach-clean","caller":"controller/controller.go:234","msg":"Starting EventSource","source":"kind source: *v1.CustomResourceDefinition"}
{"level":"info","ts":1660883621.6623404,"logger":"controller.cach-clean","caller":"controller/controller.go:234","msg":"Starting Controller"}
{"level":"info","ts":1660883621.6623669,"logger":"controller.input-KubernetesCluster-cache","caller":"controller/controller.go:234","msg":"Starting EventSource","source":"kind source: *v2.KubernetesCluster"}
{"level":"info","ts":1660883621.6624289,"logger":"controller.input-KubernetesCluster-cache","caller":"controller/controller.go:234","msg":"Starting Controller"}
{"level":"info","ts":1660883621.6622674,"logger":"controller.input-Secret-cache","caller":"controller/controller.go:234","msg":"Starting Controller"}
{"level":"info","ts":1660883621.6625109,"logger":"controller.input-Secret-cache","caller":"controller/controller.go:234","msg":"Starting workers","worker count":1}
{"level":"info","ts":1660883621.6625605,"logger":"controller.input-Secret-cache","caller":"reconcile/runner.go:126","msg":"Starting EventSource","source":"kind source: *v1.Secret"}
2022-08-19T04:33:41.691749Z	info	proto: tag has too few fields: "-"
{"level":"info","ts":1660883622.0636249,"logger":"controller.cach-clean","caller":"controller/controller.go:234","msg":"Starting workers","worker count":1}
{"level":"info","ts":1660883622.0637739,"logger":"controller.input-KubernetesCluster-cache","caller":"controller/controller.go:234","msg":"Starting workers","worker count":1}
{"level":"info","ts":1660883622.0637717,"logger":"controller.input-Deployment-cache","caller":"controller/controller.go:234","msg":"Starting EventSource","source":"kind source: *v1.Deployment"}
{"level":"info","ts":1660883622.0638478,"logger":"controller.input-Deployment-cache","caller":"controller/controller.go:234","msg":"Starting Controller"}
{"level":"info","ts":1660883622.1649697,"logger":"controller.input-Deployment-cache","caller":"controller/controller.go:234","msg":"Starting workers","worker count":1}
{"level":"info","ts":1660883622.1676488,"caller":"grpclog/grpclog.go:37","msg":"[core][Server #3] Server created","system":"grpc","grpc_log":true}
{"level":"info","ts":1660883622.1677485,"logger":"relay-server","caller":"relay/start.go:374","msg":"grpc server: all components registered! starting server","port":9900}
{"level":"info","ts":1660883622.1681798,"logger":"controller.input-Secret-cache","caller":"controller/controller.go:234","msg":"Starting Controller"}
{"level":"info","ts":1660883622.16821,"logger":"controller.input-Secret-cache","caller":"controller/controller.go:234","msg":"Starting workers","worker count":1}
{"level":"info","ts":1660883622.1682963,"logger":"controller.input-KubernetesCluster-cache","caller":"controller/controller.go:234","msg":"Starting EventSource","source":"kind source: *v2.KubernetesCluster"}
{"level":"info","ts":1660883622.168329,"logger":"controller.input-KubernetesCluster-cache","caller":"controller/controller.go:234","msg":"Starting Controller"}
{"level":"info","ts":1660883622.1683831,"logger":"controller.input-KubernetesCluster-cache","caller":"controller/controller.go:234","msg":"Starting workers","worker count":1}
{"level":"info","ts":1660883622.168403,"logger":"controller.input-Secret-cache","caller":"reconcile/runner.go:126","msg":"Starting EventSource","source":"kind source: *v1.Secret"}
{"level":"info","ts":1660883622.168669,"logger":"controller.input-Workspace-cache","caller":"controller/controller.go:234","msg":"Starting Controller"}
{"level":"info","ts":1660883622.16869,"logger":"controller.input-Workspace-cache","caller":"controller/controller.go:234","msg":"Starting workers","worker count":1}
{"level":"info","ts":1660883622.1688044,"logger":"controller.input-Deployment-cache","caller":"controller/controller.go:234","msg":"Starting EventSource","source":"kind source: *v1.Deployment"}
{"level":"info","ts":1660883622.1688428,"logger":"controller.input-Deployment-cache","caller":"controller/controller.go:234","msg":"Starting Controller"}
{"level":"info","ts":1660883622.1689112,"logger":"controller.input-Deployment-cache","caller":"controller/controller.go:234","msg":"Starting workers","worker count":1}
{"level":"info","ts":1660883622.168948,"logger":"controller.input-Workspace-cache","caller":"reconcile/runner.go:126","msg":"Starting EventSource","source":"kind source: *v2.Workspace"}
{"level":"info","ts":1660883622.169222,"logger":"controller.input-KubernetesCluster-cache","caller":"controller/controller.go:234","msg":"Starting Controller"}
{"level":"info","ts":1660883622.1692538,"logger":"controller.input-KubernetesCluster-cache","caller":"controller/controller.go:234","msg":"Starting workers","worker count":1}
{"level":"info","ts":1660883622.1693823,"logger":"controller.input-WorkspaceSettings-cache","caller":"controller/controller.go:234","msg":"Starting EventSource","source":"kind source: *v2.WorkspaceSettings"}
{"level":"info","ts":1660883622.1694298,"logger":"controller.input-WorkspaceSettings-cache","caller":"controller/controller.go:234","msg":"Starting Controller"}
{"level":"info","ts":1660883622.1695204,"logger":"controller.input-KubernetesCluster-cache","caller":"reconcile/runner.go:126","msg":"Starting EventSource","source":"kind source: *v2.KubernetesCluster"}
{"level":"info","ts":1660883622.1696684,"logger":"controller.input-IssuedCertificate-cache","caller":"controller/controller.go:234","msg":"Starting EventSource","source":"kind source: *v2.IssuedCertificate"}
{"level":"info","ts":1660883622.169715,"logger":"controller.input-IssuedCertificate-cache","caller":"controller/controller.go:234","msg":"Starting Controller"}
{"level":"info","ts":1660883622.169999,"caller":"grpclog/grpclog.go:37","msg":"[core][Server #3 ListenSocket #4] ListenSocket created","system":"grpc","grpc_log":true}
{"level":"info","ts":1660883622.171821,"logger":"controller.input-KubernetesCluster-cache","caller":"controller/controller.go:234","msg":"Starting EventSource","source":"kind source: *v2.KubernetesCluster"}
{"level":"info","ts":1660883622.1718886,"logger":"controller.input-KubernetesCluster-cache","caller":"controller/controller.go:234","msg":"Starting Controller"}
{"level":"info","ts":1660883622.2709138,"logger":"controller.input-WorkspaceSettings-cache","caller":"controller/controller.go:234","msg":"Starting workers","worker count":1}
{"level":"info","ts":1660883622.2710981,"logger":"controller.input-ExtAuthServer-cache","caller":"controller/controller.go:234","msg":"Starting Controller"}
{"level":"info","ts":1660883622.2711768,"logger":"controller.input-ExtAuthServer-cache","caller":"controller/controller.go:234","msg":"Starting workers","worker count":1}
{"level":"info","ts":1660883622.2712924,"logger":"controller.input-ExtAuthServer-cache","caller":"reconcile/runner.go:126","msg":"Starting EventSource","source":"kind source: *v2.ExtAuthServer"}
{"level":"info","ts":1660883622.2713056,"logger":"controller.input-RootTrustPolicy-cache","caller":"controller/controller.go:234","msg":"Starting EventSource","source":"kind source: *v2.RootTrustPolicy"}
{"level":"info","ts":1660883622.2713623,"logger":"controller.input-RootTrustPolicy-cache","caller":"controller/controller.go:234","msg":"Starting Controller"}
{"level":"info","ts":1660883622.2715552,"logger":"controller.input-CertificateRequest-cache","caller":"controller/controller.go:234","msg":"Starting Controller"}
{"level":"info","ts":1660883622.2716186,"logger":"controller.input-CertificateRequest-cache","caller":"controller/controller.go:234","msg":"Starting workers","worker count":1}
{"level":"info","ts":1660883622.2716744,"logger":"controller.input-CertificateRequest-cache","caller":"reconcile/runner.go:126","msg":"Starting EventSource","source":"kind source: *v2.CertificateRequest"}
{"level":"info","ts":1660883622.2721148,"logger":"controller.input-KubernetesCluster-cache","caller":"controller/controller.go:234","msg":"Starting workers","worker count":1}
{"level":"info","ts":1660883622.2715368,"logger":"controller.input-RateLimitServerSettings-cache","caller":"controller/controller.go:234","msg":"Starting EventSource","source":"kind source: *v2.RateLimitServerSettings"}
{"level":"info","ts":1660883622.2722688,"logger":"controller.input-RateLimitServerSettings-cache","caller":"controller/controller.go:234","msg":"Starting Controller"}
{"level":"info","ts":1660883622.275309,"logger":"controller.input-IstioLifecycleManager-cache","caller":"controller/controller.go:234","msg":"Starting EventSource","source":"kind source: *v2.IstioLifecycleManager"}
{"level":"info","ts":1660883622.2753725,"logger":"controller.input-IstioLifecycleManager-cache","caller":"controller/controller.go:234","msg":"Starting Controller"}
{"level":"info","ts":1660883622.3728962,"logger":"controller.input-RootTrustPolicy-cache","caller":"controller/controller.go:234","msg":"Starting workers","worker count":1}
{"level":"info","ts":1660883622.3729846,"logger":"controller.input-IssuedCertificate-cache","caller":"controller/controller.go:234","msg":"Starting workers","worker count":1}
{"level":"info","ts":1660883622.372998,"logger":"controller.input-Secret-cache","caller":"controller/controller.go:234","msg":"Starting EventSource","source":"kind source: *v1.Secret"}
{"level":"info","ts":1660883622.3730578,"logger":"controller.input-Secret-cache","caller":"controller/controller.go:234","msg":"Starting Controller"}
{"level":"info","ts":1660883622.373203,"logger":"controller.input-Dashboard-cache","caller":"controller/controller.go:234","msg":"Starting Controller"}
{"level":"info","ts":1660883622.3732293,"logger":"controller.input-Dashboard-cache","caller":"controller/controller.go:234","msg":"Starting workers","worker count":1}
{"level":"info","ts":1660883622.3732827,"logger":"controller.input-Dashboard-cache","caller":"reconcile/runner.go:126","msg":"Starting EventSource","source":"kind source: *v2.Dashboard"}
{"level":"info","ts":1660883622.3735158,"logger":"controller.input-RateLimitServerSettings-cache","caller":"controller/controller.go:234","msg":"Starting workers","worker count":1}
{"level":"info","ts":1660883622.3735166,"logger":"controller.input-RateLimitServerConfig-cache","caller":"controller/controller.go:234","msg":"Starting EventSource","source":"kind source: *v2.RateLimitServerConfig"}
{"level":"info","ts":1660883622.373587,"logger":"controller.input-RateLimitServerConfig-cache","caller":"controller/controller.go:234","msg":"Starting Controller"}
{"level":"info","ts":1660883622.3739374,"logger":"controller.input-IstioLifecycleManager-cache","caller":"controller/controller.go:234","msg":"Starting EventSource","source":"kind source: *v2.IstioLifecycleManager"}
{"level":"info","ts":1660883622.373988,"logger":"controller.input-IstioLifecycleManager-cache","caller":"controller/controller.go:234","msg":"Starting Controller"}
{"level":"info","ts":1660883622.3791142,"logger":"controller.input-IstioOperator-cache","caller":"controller/controller.go:234","msg":"Starting EventSource","source":"kind source: *v1alpha1.IstioOperator"}
{"level":"info","ts":1660883622.3791761,"logger":"controller.input-IstioOperator-cache","caller":"controller/controller.go:234","msg":"Starting Controller"}
{"level":"info","ts":1660883622.3814957,"logger":"controller.input-Deployment-cache","caller":"controller/controller.go:234","msg":"Starting EventSource","source":"kind source: *v1.Deployment"}
{"level":"info","ts":1660883622.381591,"logger":"controller.input-Deployment-cache","caller":"controller/controller.go:234","msg":"Starting Controller"}
{"level":"info","ts":1660883622.3817763,"logger":"controller.input-Deployment-cache","caller":"controller/controller.go:234","msg":"Starting workers","worker count":1}
{"level":"info","ts":1660883622.3839383,"logger":"controller.output-IstioOperator-cache","caller":"controller/controller.go:234","msg":"Starting EventSource","source":"kind source: *v1alpha1.IstioOperator"}
{"level":"info","ts":1660883622.384011,"logger":"controller.output-IstioOperator-cache","caller":"controller/controller.go:234","msg":"Starting Controller"}
{"level":"info","ts":1660883622.3840747,"logger":"controller.output-IstioOperator-cache","caller":"controller/controller.go:234","msg":"Starting workers","worker count":1}
{"level":"info","ts":1660883622.3872085,"logger":"controller.output-ServiceAccount-cache","caller":"controller/controller.go:234","msg":"Starting EventSource","source":"kind source: *v1.ServiceAccount"}
{"level":"info","ts":1660883622.3873963,"logger":"controller.output-ServiceAccount-cache","caller":"controller/controller.go:234","msg":"Starting Controller"}
{"level":"info","ts":1660883622.3909192,"logger":"controller.output-Service-cache","caller":"controller/controller.go:234","msg":"Starting EventSource","source":"kind source: *v1.Service"}
{"level":"info","ts":1660883622.3909822,"logger":"controller.output-Service-cache","caller":"controller/controller.go:234","msg":"Starting Controller"}
{"level":"info","ts":1660883622.4741223,"logger":"controller.input-Secret-cache","caller":"controller/controller.go:234","msg":"Starting workers","worker count":1}
{"level":"info","ts":1660883622.4744155,"logger":"controller.input-RateLimitServerConfig-cache","caller":"controller/controller.go:234","msg":"Starting workers","worker count":1}
{"level":"info","ts":1660883622.4747448,"logger":"controller.input-ExternalEndpoint-cache","caller":"controller/controller.go:234","msg":"Starting Controller"}
{"level":"info","ts":1660883622.4748797,"logger":"controller.input-ExternalEndpoint-cache","caller":"controller/controller.go:234","msg":"Starting workers","worker count":1}
{"level":"info","ts":1660883622.474475,"logger":"controller.input-IstioLifecycleManager-cache","caller":"controller/controller.go:234","msg":"Starting workers","worker count":1}
{"level":"info","ts":1660883622.4751832,"logger":"controller.input-ExternalEndpoint-cache","caller":"reconcile/runner.go:126","msg":"Starting EventSource","source":"kind source: *v2.ExternalEndpoint"}
{"level":"info","ts":1660883622.4753654,"logger":"controller.input-ExternalService-cache","caller":"controller/controller.go:234","msg":"Starting EventSource","source":"kind source: *v2.ExternalService"}
{"level":"info","ts":1660883622.4754906,"logger":"controller.input-ExternalService-cache","caller":"controller/controller.go:234","msg":"Starting Controller"}
{"level":"info","ts":1660883622.4755864,"logger":"controller.input-VirtualDestination-cache","caller":"controller/controller.go:234","msg":"Starting Controller"}
{"level":"info","ts":1660883622.4756427,"logger":"controller.input-VirtualDestination-cache","caller":"controller/controller.go:234","msg":"Starting workers","worker count":1}
{"level":"info","ts":1660883622.4757874,"logger":"controller.input-VirtualDestination-cache","caller":"reconcile/runner.go:126","msg":"Starting EventSource","source":"kind source: *v2.VirtualDestination"}
{"level":"info","ts":1660883622.475938,"logger":"controller.input-RouteTable-cache","caller":"controller/controller.go:234","msg":"Starting EventSource","source":"kind source: *v2.RouteTable"}
{"level":"info","ts":1660883622.4760725,"logger":"controller.input-RouteTable-cache","caller":"controller/controller.go:234","msg":"Starting Controller"}
{"level":"info","ts":1660883622.4770033,"logger":"controller.input-IstioLifecycleManager-cache","caller":"controller/controller.go:234","msg":"Starting workers","worker count":1}
{"level":"info","ts":1660883622.4876716,"logger":"controller.input-IstioOperator-cache","caller":"controller/controller.go:234","msg":"Starting workers","worker count":1}
{"level":"info","ts":1660883622.4881887,"logger":"controller.output-ServiceAccount-cache","caller":"controller/controller.go:234","msg":"Starting workers","worker count":1}
{"level":"info","ts":1660883622.492717,"logger":"controller.output-Service-cache","caller":"controller/controller.go:234","msg":"Starting workers","worker count":1}
{"level":"info","ts":1660883622.4986606,"logger":"controller.output-Namespace-cache","caller":"controller/controller.go:234","msg":"Starting EventSource","source":"kind source: *v1.Namespace"}
{"level":"info","ts":1660883622.4988742,"logger":"controller.output-Namespace-cache","caller":"controller/controller.go:234","msg":"Starting Controller"}
{"level":"info","ts":1660883622.5013554,"logger":"controller.output-Deployment-cache","caller":"controller/controller.go:234","msg":"Starting EventSource","source":"kind source: *v1.Deployment"}
{"level":"info","ts":1660883622.5016077,"logger":"controller.output-Deployment-cache","caller":"controller/controller.go:234","msg":"Starting Controller"}
{"level":"info","ts":1660883622.5771685,"logger":"controller.input-WasmDeploymentPolicy-cache","caller":"controller/controller.go:234","msg":"Starting Controller"}
{"level":"info","ts":1660883622.5772274,"logger":"controller.input-WasmDeploymentPolicy-cache","caller":"controller/controller.go:234","msg":"Starting workers","worker count":1}
{"level":"info","ts":1660883622.577336,"logger":"controller.input-VirtualGateway-cache","caller":"controller/controller.go:234","msg":"Starting EventSource","source":"kind source: *v2.VirtualGateway"}
{"level":"info","ts":1660883622.577374,"logger":"controller.input-VirtualGateway-cache","caller":"controller/controller.go:234","msg":"Starting Controller"}
{"level":"info","ts":1660883622.5775514,"logger":"controller.input-WasmDeploymentPolicy-cache","caller":"reconcile/runner.go:126","msg":"Starting EventSource","source":"kind source: *v2.WasmDeploymentPolicy"}
{"level":"info","ts":1660883622.6001832,"logger":"controller.output-Namespace-cache","caller":"controller/controller.go:234","msg":"Starting workers","worker count":1}
{"level":"info","ts":1660883622.6021793,"logger":"controller.output-Deployment-cache","caller":"controller/controller.go:234","msg":"Starting workers","worker count":1}
{"level":"info","ts":1660883622.604965,"logger":"controller.output-ClusterRole-cache","caller":"controller/controller.go:234","msg":"Starting EventSource","source":"kind source: *v1.ClusterRole"}
{"level":"info","ts":1660883622.6050324,"logger":"controller.output-ClusterRole-cache","caller":"controller/controller.go:234","msg":"Starting Controller"}
{"level":"info","ts":1660883622.6071422,"logger":"controller.output-ClusterRoleBinding-cache","caller":"controller/controller.go:234","msg":"Starting EventSource","source":"kind source: *v1.ClusterRoleBinding"}
{"level":"info","ts":1660883622.6072104,"logger":"controller.output-ClusterRoleBinding-cache","caller":"controller/controller.go:234","msg":"Starting Controller"}
{"level":"info","ts":1660883622.6787813,"logger":"controller.input-ExternalService-cache","caller":"controller/controller.go:234","msg":"Starting workers","worker count":1}
{"level":"info","ts":1660883622.6788852,"logger":"controller.input-VirtualGateway-cache","caller":"controller/controller.go:234","msg":"Starting workers","worker count":1}
{"level":"info","ts":1660883622.679189,"logger":"controller.input-AccessPolicy-cache","caller":"controller/controller.go:234","msg":"Starting EventSource","source":"kind source: *v2.AccessPolicy"}
{"level":"info","ts":1660883622.6792426,"logger":"controller.input-AccessPolicy-cache","caller":"controller/controller.go:234","msg":"Starting Controller"}
{"level":"info","ts":1660883622.6792376,"logger":"controller.input-CORSPolicy-cache","caller":"controller/controller.go:234","msg":"Starting Controller"}
{"level":"info","ts":1660883622.6792583,"logger":"controller.input-CORSPolicy-cache","caller":"controller/controller.go:234","msg":"Starting workers","worker count":1}
{"level":"info","ts":1660883622.6792963,"logger":"controller.input-CORSPolicy-cache","caller":"reconcile/runner.go:126","msg":"Starting EventSource","source":"kind source: *v2.CORSPolicy"}
{"level":"info","ts":1660883622.6800683,"logger":"controller.input-RouteTable-cache","caller":"controller/controller.go:234","msg":"Starting workers","worker count":1}
{"level":"info","ts":1660883622.7057414,"logger":"controller.output-ClusterRole-cache","caller":"controller/controller.go:234","msg":"Starting workers","worker count":1}
{"level":"info","ts":1660883622.7113774,"logger":"controller.output-ClusterRoleBinding-cache","caller":"controller/controller.go:234","msg":"Starting workers","worker count":1}
{"level":"info","ts":1660883622.7806532,"logger":"controller.input-AccessPolicy-cache","caller":"controller/controller.go:234","msg":"Starting workers","worker count":1}
{"level":"info","ts":1660883622.7811787,"logger":"controller.input-ExtAuthPolicy-cache","caller":"controller/controller.go:234","msg":"Starting Controller"}
{"level":"info","ts":1660883622.7812119,"logger":"controller.input-ExtAuthPolicy-cache","caller":"controller/controller.go:234","msg":"Starting workers","worker count":1}
{"level":"info","ts":1660883622.7812612,"logger":"controller.input-ExtAuthPolicy-cache","caller":"reconcile/runner.go:126","msg":"Starting EventSource","source":"kind source: *v2.ExtAuthPolicy"}
{"level":"info","ts":1660883622.7812533,"logger":"controller.input-CSRFPolicy-cache","caller":"controller/controller.go:234","msg":"Starting EventSource","source":"kind source: *v2.CSRFPolicy"}
{"level":"info","ts":1660883622.7813115,"logger":"controller.input-CSRFPolicy-cache","caller":"controller/controller.go:234","msg":"Starting Controller"}
{"level":"info","ts":1660883622.7814457,"logger":"controller.input-WAFPolicy-cache","caller":"controller/controller.go:234","msg":"Starting EventSource","source":"kind source: *v2.WAFPolicy"}
{"level":"info","ts":1660883622.7815013,"logger":"controller.input-WAFPolicy-cache","caller":"controller/controller.go:234","msg":"Starting Controller"}
{"level":"info","ts":1660883622.8823314,"logger":"controller.input-CSRFPolicy-cache","caller":"controller/controller.go:234","msg":"Starting workers","worker count":1}
{"level":"info","ts":1660883622.8824775,"logger":"controller.input-WAFPolicy-cache","caller":"controller/controller.go:234","msg":"Starting workers","worker count":1}
{"level":"info","ts":1660883622.8828533,"logger":"controller.input-AccessLogPolicy-cache","caller":"controller/controller.go:234","msg":"Starting Controller"}
{"level":"info","ts":1660883622.882891,"logger":"controller.input-AccessLogPolicy-cache","caller":"controller/controller.go:234","msg":"Starting workers","worker count":1}
{"level":"info","ts":1660883622.8829408,"logger":"controller.input-AccessLogPolicy-cache","caller":"reconcile/runner.go:126","msg":"Starting EventSource","source":"kind source: *v2.AccessLogPolicy"}
{"level":"info","ts":1660883622.8829932,"logger":"controller.input-JWTPolicy-cache","caller":"controller/controller.go:234","msg":"Starting EventSource","source":"kind source: *v2.JWTPolicy"}
{"level":"info","ts":1660883622.8830502,"logger":"controller.input-JWTPolicy-cache","caller":"controller/controller.go:234","msg":"Starting Controller"}
{"level":"info","ts":1660883622.883116,"logger":"controller.input-FailoverPolicy-cache","caller":"controller/controller.go:234","msg":"Starting EventSource","source":"kind source: *v2.FailoverPolicy"}
{"level":"info","ts":1660883622.8831596,"logger":"controller.input-FailoverPolicy-cache","caller":"controller/controller.go:234","msg":"Starting Controller"}
{"level":"info","ts":1660883622.9463267,"logger":"push-stream","caller":"v1alpha1/relay.pb.go:1147","msg":"client cluster authenticated","peer":"10.24.1.1:60415","agent":"cluster1"}
{"level":"info","ts":1660883622.9463499,"logger":"pull-stream","caller":"v1alpha1/relay.pb.go:1037","msg":"pull client cluster cluster1 connected","metadata":{":authority":["gloo-mesh-mgmt-server.gloo-mesh"],"content-type":["application/grpc"],"grpc-trace-bin":["\u0000\u0000\ufffd.:_\ufffd\ufffd\ufffd\u0006\ufffd\ufffdyW\u001aGO\ufffd\u0001\ufffd!N\ufffd\ufffdB\ufffdg\u0002\u0000"],"user-agent":["grpc-go/1.47.0"],"x-cluster-id":["cluster1"]},"peer":"10.24.1.1:60415"}
{"level":"info","ts":1660883622.946961,"logger":"push-stream","caller":"push/push_server.go:289","msg":"client cluster cluster1 connected","peer":"10.24.1.1:60415","agent":"cluster1"}
{"level":"info","ts":1660883622.9790025,"logger":"push-stream","caller":"v1alpha1/relay.pb.go:1147","msg":"client cluster authenticated","peer":"10.24.1.1:3309","agent":"cluster2"}
{"level":"info","ts":1660883622.9790435,"logger":"pull-stream","caller":"v1alpha1/relay.pb.go:1037","msg":"pull client cluster cluster2 connected","metadata":{":authority":["gloo-mesh-mgmt-server.gloo-mesh"],"content-type":["application/grpc"],"grpc-trace-bin":["\u0000\u0000,\ufffd\u0016t\ufffd\ufffd9\ufffd\u0013\ufffdyrh}Z]\u0001\ufffdx\ufffdah\ufffd\ufffd3\u0002\u0000"],"user-agent":["grpc-go/1.47.0"],"x-cluster-id":["cluster2"]},"peer":"10.24.1.1:3309"}
{"level":"info","ts":1660883622.9792569,"logger":"push-stream","caller":"push/push_server.go:289","msg":"client cluster cluster2 connected","peer":"10.24.1.1:3309","agent":"cluster2"}
{"level":"info","ts":1660883622.9842045,"logger":"controller.input-FailoverPolicy-cache","caller":"controller/controller.go:234","msg":"Starting workers","worker count":1}
{"level":"info","ts":1660883622.9843695,"logger":"controller.input-FaultInjectionPolicy-cache","caller":"controller/controller.go:234","msg":"Starting Controller"}
{"level":"info","ts":1660883622.9843974,"logger":"controller.input-FaultInjectionPolicy-cache","caller":"controller/controller.go:234","msg":"Starting workers","worker count":1}
{"level":"info","ts":1660883622.984439,"logger":"controller.input-FaultInjectionPolicy-cache","caller":"reconcile/runner.go:126","msg":"Starting EventSource","source":"kind source: *v2.FaultInjectionPolicy"}
{"level":"info","ts":1660883622.984379,"logger":"controller.input-JWTPolicy-cache","caller":"controller/controller.go:234","msg":"Starting workers","worker count":1}
{"level":"info","ts":1660883622.984467,"logger":"controller.input-OutlierDetectionPolicy-cache","caller":"controller/controller.go:234","msg":"Starting EventSource","source":"kind source: *v2.OutlierDetectionPolicy"}
{"level":"info","ts":1660883622.984505,"logger":"controller.input-OutlierDetectionPolicy-cache","caller":"controller/controller.go:234","msg":"Starting Controller"}
{"level":"info","ts":1660883622.9845912,"logger":"controller.input-RetryTimeoutPolicy-cache","caller":"controller/controller.go:234","msg":"Starting EventSource","source":"kind source: *v2.RetryTimeoutPolicy"}
{"level":"info","ts":1660883622.9846172,"logger":"controller.input-RetryTimeoutPolicy-cache","caller":"controller/controller.go:234","msg":"Starting Controller"}
{"level":"info","ts":1660883622.9846249,"logger":"controller.input-ConnectionPolicy-cache","caller":"controller/controller.go:234","msg":"Starting EventSource","source":"kind source: *v2.ConnectionPolicy"}
{"level":"info","ts":1660883622.9846675,"logger":"controller.input-ConnectionPolicy-cache","caller":"controller/controller.go:234","msg":"Starting Controller"}
{"level":"info","ts":1660883623.0860665,"logger":"controller.input-OutlierDetectionPolicy-cache","caller":"controller/controller.go:234","msg":"Starting workers","worker count":1}
{"level":"info","ts":1660883623.0862932,"logger":"controller.input-ConnectionPolicy-cache","caller":"controller/controller.go:234","msg":"Starting workers","worker count":1}
{"level":"info","ts":1660883623.0864148,"logger":"controller.input-RetryTimeoutPolicy-cache","caller":"controller/controller.go:234","msg":"Starting workers","worker count":1}
{"level":"info","ts":1660883623.086475,"logger":"controller.input-MirrorPolicy-cache","caller":"controller/controller.go:234","msg":"Starting EventSource","source":"kind source: *v2.MirrorPolicy"}
{"level":"info","ts":1660883623.0865355,"logger":"controller.input-MirrorPolicy-cache","caller":"controller/controller.go:234","msg":"Starting Controller"}
{"level":"info","ts":1660883623.086736,"logger":"controller.input-RateLimitClientConfig-cache","caller":"controller/controller.go:234","msg":"Starting Controller"}
{"level":"info","ts":1660883623.086783,"logger":"controller.input-RateLimitClientConfig-cache","caller":"controller/controller.go:234","msg":"Starting workers","worker count":1}
{"level":"info","ts":1660883623.0868554,"logger":"controller.input-RateLimitClientConfig-cache","caller":"reconcile/runner.go:126","msg":"Starting EventSource","source":"kind source: *v2.RateLimitClientConfig"}
{"level":"info","ts":1660883623.0868764,"logger":"controller.input-RateLimitPolicy-cache","caller":"controller/controller.go:234","msg":"Starting EventSource","source":"kind source: *v2.RateLimitPolicy"}
{"level":"info","ts":1660883623.0869224,"logger":"controller.input-RateLimitPolicy-cache","caller":"controller/controller.go:234","msg":"Starting Controller"}
{"level":"info","ts":1660883623.188104,"logger":"controller.input-RateLimitPolicy-cache","caller":"controller/controller.go:234","msg":"Starting workers","worker count":1}
{"level":"info","ts":1660883623.188318,"logger":"controller.input-MirrorPolicy-cache","caller":"controller/controller.go:234","msg":"Starting workers","worker count":1}
{"level":"info","ts":1660883623.188336,"logger":"controller.input-TransformationPolicy-cache","caller":"controller/controller.go:234","msg":"Starting Controller"}
{"level":"info","ts":1660883623.188371,"logger":"controller.input-TransformationPolicy-cache","caller":"controller/controller.go:234","msg":"Starting workers","worker count":1}
{"level":"info","ts":1660883623.1884592,"logger":"controller.input-HeaderManipulationPolicy-cache","caller":"controller/controller.go:234","msg":"Starting EventSource","source":"kind source: *v2.HeaderManipulationPolicy"}
{"level":"info","ts":1660883623.1885161,"logger":"controller.input-HeaderManipulationPolicy-cache","caller":"controller/controller.go:234","msg":"Starting Controller"}
{"level":"info","ts":1660883623.1884816,"logger":"controller.input-TransformationPolicy-cache","caller":"reconcile/runner.go:126","msg":"Starting EventSource","source":"kind source: *v2.TransformationPolicy"}
{"level":"info","ts":1660883623.2895393,"logger":"controller.input-HeaderManipulationPolicy-cache","caller":"controller/controller.go:234","msg":"Starting workers","worker count":1}
{"level":"info","ts":1660883623.2898765,"logger":"controller.input-ProxyProtocolPolicy-cache","caller":"controller/controller.go:234","msg":"Starting EventSource","source":"kind source: *v2.ProxyProtocolPolicy"}
{"level":"info","ts":1660883623.2899532,"logger":"controller.input-ProxyProtocolPolicy-cache","caller":"controller/controller.go:234","msg":"Starting Controller"}
{"level":"info","ts":1660883623.2900019,"logger":"controller.input-GraphQLSchema-cache","caller":"controller/controller.go:234","msg":"Starting EventSource","source":"kind source: *v2.GraphQLSchema"}
{"level":"info","ts":1660883623.2900884,"logger":"controller.input-GraphQLSchema-cache","caller":"controller/controller.go:234","msg":"Starting Controller"}
{"level":"info","ts":1660883623.2900984,"logger":"controller.input-GraphQLStitchedSchema-cache","caller":"controller/controller.go:234","msg":"Starting EventSource","source":"kind source: *v2.GraphQLStitchedSchema"}
{"level":"info","ts":1660883623.2901454,"logger":"controller.input-GraphQLStitchedSchema-cache","caller":"controller/controller.go:234","msg":"Starting Controller"}
{"level":"info","ts":1660883623.391089,"logger":"controller.input-GraphQLSchema-cache","caller":"controller/controller.go:234","msg":"Starting workers","worker count":1}
{"level":"info","ts":1660883623.3913944,"logger":"controller.input-GraphQLStitchedSchema-cache","caller":"controller/controller.go:234","msg":"Starting workers","worker count":1}
{"level":"info","ts":1660883623.3913996,"logger":"controller.input-ProxyProtocolPolicy-cache","caller":"controller/controller.go:234","msg":"Starting workers","worker count":1}
{"level":"info","ts":1660883623.3916526,"logger":"controller.input-GraphQLResolverMap-cache","caller":"controller/controller.go:234","msg":"Starting EventSource","source":"kind source: *v2.GraphQLResolverMap"}
{"level":"info","ts":1660883623.391743,"logger":"controller.input-GraphQLResolverMap-cache","caller":"controller/controller.go:234","msg":"Starting Controller"}
{"level":"info","ts":1660883623.391752,"logger":"controller.input-DiscoveredGateway-cache","caller":"controller/controller.go:234","msg":"Starting Controller"}
{"level":"info","ts":1660883623.3918426,"logger":"controller.input-DiscoveredGateway-cache","caller":"controller/controller.go:234","msg":"Starting workers","worker count":1}
{"level":"info","ts":1660883623.3919175,"logger":"controller.input-DiscoveredGateway-cache","caller":"reconcile/runner.go:126","msg":"Starting EventSource","source":"kind source: *v2.DiscoveredGateway"}
{"level":"info","ts":1660883623.4923406,"logger":"controller.input-GraphQLResolverMap-cache","caller":"controller/controller.go:234","msg":"Starting workers","worker count":1}
{"level":"info","ts":1660883623.4925385,"logger":"controller.input-DiscoveredCNI-cache","caller":"controller/controller.go:234","msg":"Starting EventSource","source":"kind source: *v2.DiscoveredCNI"}
{"level":"info","ts":1660883623.4927473,"logger":"controller.input-Secret-cache","caller":"controller/controller.go:234","msg":"Starting Controller"}
{"level":"info","ts":1660883623.4927478,"logger":"controller.input-IstioOperator-cache","caller":"controller/controller.go:234","msg":"Starting EventSource","source":"kind source: *v1alpha1.IstioOperator"}
{"level":"info","ts":1660883623.492823,"logger":"controller.input-IstioOperator-cache","caller":"controller/controller.go:234","msg":"Starting Controller"}
{"level":"info","ts":1660883623.4928055,"logger":"controller.input-Secret-cache","caller":"controller/controller.go:234","msg":"Starting workers","worker count":1}
{"level":"info","ts":1660883623.492521,"logger":"controller.input-Mesh-cache","caller":"controller/controller.go:234","msg":"Starting EventSource","source":"kind source: *v2.Mesh"}
{"level":"info","ts":1660883623.4929025,"logger":"controller.input-Secret-cache","caller":"reconcile/runner.go:126","msg":"Starting EventSource","source":"kind source: *v1.Secret"}
{"level":"info","ts":1660883623.492925,"logger":"controller.input-Mesh-cache","caller":"controller/controller.go:234","msg":"Starting Controller"}
{"level":"info","ts":1660883623.4928386,"logger":"controller.input-DiscoveredCNI-cache","caller":"controller/controller.go:234","msg":"Starting Controller"}
{"level":"info","ts":1660883623.5939276,"logger":"controller.input-IstioOperator-cache","caller":"controller/controller.go:234","msg":"Starting workers","worker count":1}
{"level":"info","ts":1660883623.593986,"logger":"controller.input-DiscoveredCNI-cache","caller":"controller/controller.go:234","msg":"Starting workers","worker count":1}
{"level":"info","ts":1660883623.59407,"logger":"controller.input-Mesh-cache","caller":"controller/controller.go:234","msg":"Starting workers","worker count":1}
{"level":"info","ts":1660883623.594348,"logger":"controller.input-Service-cache","caller":"controller/controller.go:234","msg":"Starting Controller"}
{"level":"info","ts":1660883623.5943842,"logger":"controller.input-Service-cache","caller":"controller/controller.go:234","msg":"Starting workers","worker count":1}
{"level":"info","ts":1660883623.5944414,"logger":"controller.input-Service-cache","caller":"reconcile/runner.go:126","msg":"Starting EventSource","source":"kind source: *v1.Service"}
{"level":"info","ts":1660883623.5944521,"logger":"controller.input-ServiceAccount-cache","caller":"controller/controller.go:234","msg":"Starting EventSource","source":"kind source: *v1.ServiceAccount"}
{"level":"info","ts":1660883623.5944858,"logger":"controller.input-ServiceAccount-cache","caller":"controller/controller.go:234","msg":"Starting Controller"}
{"level":"info","ts":1660883623.594587,"logger":"controller.input-ServiceAccount-cache","caller":"controller/controller.go:234","msg":"Starting workers","worker count":1}
{"level":"info","ts":1660883623.5947554,"logger":"controller.input-Deployment-cache","caller":"controller/controller.go:234","msg":"Starting Controller"}
{"level":"info","ts":1660883623.594824,"logger":"controller.input-Deployment-cache","caller":"controller/controller.go:234","msg":"Starting workers","worker count":1}
{"level":"info","ts":1660883623.5950122,"logger":"controller.input-Deployment-cache","caller":"reconcile/runner.go:126","msg":"Starting EventSource","source":"kind source: *v1.Deployment"}
{"level":"info","ts":1660883623.5952394,"logger":"controller.input-Namespace-cache","caller":"controller/controller.go:234","msg":"Starting EventSource","source":"kind source: *v1.Namespace"}
{"level":"info","ts":1660883623.595379,"logger":"controller.input-Namespace-cache","caller":"controller/controller.go:234","msg":"Starting Controller"}
{"level":"info","ts":1660883623.5955892,"logger":"controller.input-ReplicaSet-cache","caller":"controller/controller.go:234","msg":"Starting EventSource","source":"kind source: *v1.ReplicaSet"}
{"level":"info","ts":1660883623.5956662,"logger":"controller.input-ReplicaSet-cache","caller":"controller/controller.go:234","msg":"Starting Controller"}
{"level":"info","ts":1660883623.5953524,"logger":"controller.input-DaemonSet-cache","caller":"controller/controller.go:234","msg":"Starting Controller"}
{"level":"info","ts":1660883623.595752,"logger":"controller.input-DaemonSet-cache","caller":"controller/controller.go:234","msg":"Starting workers","worker count":1}
{"level":"info","ts":1660883623.5958257,"logger":"controller.input-DaemonSet-cache","caller":"reconcile/runner.go:126","msg":"Starting EventSource","source":"kind source: *v1.DaemonSet"}
{"level":"info","ts":1660883623.595619,"logger":"controller.input-Namespace-cache","caller":"controller/controller.go:234","msg":"Starting workers","worker count":1}
{"level":"info","ts":1660883623.6964333,"logger":"controller.input-ReplicaSet-cache","caller":"controller/controller.go:234","msg":"Starting workers","worker count":1}
{"level":"info","ts":1660883623.696968,"logger":"controller.input-StatefulSet-cache","caller":"controller/controller.go:234","msg":"Starting EventSource","source":"kind source: *v1.StatefulSet"}
{"level":"info","ts":1660883623.6970484,"logger":"controller.input-StatefulSet-cache","caller":"controller/controller.go:234","msg":"Starting Controller"}
{"level":"info","ts":1660883623.7002625,"logger":"controller.output-IssuedCertificate-cache","caller":"controller/controller.go:234","msg":"Starting EventSource","source":"kind source: *v2.IssuedCertificate"}
{"level":"info","ts":1660883623.7004285,"logger":"controller.output-IssuedCertificate-cache","caller":"controller/controller.go:234","msg":"Starting Controller"}
{"level":"info","ts":1660883623.7005863,"logger":"controller.output-IssuedCertificate-cache","caller":"controller/controller.go:234","msg":"Starting workers","worker count":1}
{"level":"info","ts":1660883623.7987926,"logger":"controller.input-StatefulSet-cache","caller":"controller/controller.go:234","msg":"Starting workers","worker count":1}
{"level":"info","ts":1660883623.805231,"logger":"controller.output-XdsConfig-cache","caller":"controller/controller.go:234","msg":"Starting EventSource","source":"kind source: *v2.XdsConfig"}
{"level":"info","ts":1660883623.8053324,"logger":"controller.output-XdsConfig-cache","caller":"controller/controller.go:234","msg":"Starting Controller"}
{"level":"info","ts":1660883623.8434467,"logger":"controller.output-Secret-cache","caller":"controller/controller.go:234","msg":"Starting EventSource","source":"kind source: *v1.Secret"}
{"level":"info","ts":1660883623.8435135,"logger":"controller.output-Secret-cache","caller":"controller/controller.go:234","msg":"Starting Controller"}
{"level":"info","ts":1660883623.843669,"logger":"controller.output-Secret-cache","caller":"controller/controller.go:234","msg":"Starting workers","worker count":1}
{"level":"info","ts":1660883623.8458114,"logger":"controller.output-NetworkPolicy-cache","caller":"controller/controller.go:234","msg":"Starting EventSource","source":"kind source: *v1.NetworkPolicy"}
{"level":"info","ts":1660883623.845888,"logger":"controller.output-NetworkPolicy-cache","caller":"controller/controller.go:234","msg":"Starting Controller"}
{"level":"info","ts":1660883623.847229,"logger":"controller.output-RateLimitConfig-cache","caller":"controller/controller.go:234","msg":"Starting EventSource","source":"kind source: *v1alpha1.RateLimitConfig"}
{"level":"info","ts":1660883623.847281,"logger":"controller.output-RateLimitConfig-cache","caller":"controller/controller.go:234","msg":"Starting Controller"}
{"level":"info","ts":1660883623.9062812,"logger":"controller.output-XdsConfig-cache","caller":"controller/controller.go:234","msg":"Starting workers","worker count":1}
{"level":"info","ts":1660883623.9465082,"logger":"controller.output-NetworkPolicy-cache","caller":"controller/controller.go:234","msg":"Starting workers","worker count":1}
{"level":"info","ts":1660883623.9480252,"logger":"controller.output-RateLimitConfig-cache","caller":"controller/controller.go:234","msg":"Starting workers","worker count":1}
{"level":"info","ts":1660883624.4044876,"logger":"push-stream","caller":"push/push_server.go:564","msg":"client cluster cluster2 warmed","peer":"10.24.1.1:3309","agent":"cluster2"}
{"level":"info","ts":1660883624.5343914,"logger":"push-stream","caller":"push/push_server.go:564","msg":"client cluster cluster1 warmed","peer":"10.24.1.1:60415","agent":"cluster1"}
{"level":"error","ts":1660883624.951784,"logger":"translator.reconcile-1","caller":"tcontext/translation_context.go:323","msg":"workspace  not in validated workspaces list","stacktrace":"github.com/solo-io/gloo-mesh-enterprise/pkg/translator/utils/tcontext.BuildValidatedWorkspaces.func1\n\t/src/pkg/translator/utils/tcontext/translation_context.go:323\ngithub.com/solo-io/gloo-mesh-enterprise/pkg/api/translator/input.(*Snapshot).ForEach.func2\n\t/src/pkg/api/translator/input/snapshot.go:269\ngithub.com/solo-io/gloo-mesh-enterprise/pkg/api/admin.gloo.solo.io/v2/sets.(*workspaceSettingsSet).UnsortedList.func1\n\t/src/pkg/api/admin.gloo.solo.io/v2/sets/sets.go:331\ngithub.com/solo-io/skv2/contrib/pkg/sets.(*resourceSet).UnsortedList\n\t/go/pkg/mod/github.com/solo-io/skv2@v0.22.29/contrib/pkg/sets/sets.go:118\ngithub.com/solo-io/gloo-mesh-enterprise/pkg/api/admin.gloo.solo.io/v2/sets.(*workspaceSettingsSet).UnsortedList\n\t/src/pkg/api/admin.gloo.solo.io/v2/sets/sets.go:336\ngithub.com/solo-io/gloo-mesh-enterprise/pkg/api/translator/input.(*Snapshot).ForEach\n\t/src/pkg/api/translator/input/snapshot.go:268\ngithub.com/solo-io/gloo-mesh-enterprise/pkg/translator/utils/tcontext.BuildValidatedWorkspaces\n\t/src/pkg/translator/utils/tcontext/translation_context.go:322\ngithub.com/solo-io/gloo-mesh-enterprise/pkg/translator.(*translator).TranslateOutputs\n\t/src/pkg/translator/translator.go:171\ngithub.com/solo-io/gloo-mesh-enterprise/pkg/translator.(*reconciler).reconcilePrimary\n\t/src/pkg/translator/reconciler.go:222\ngithub.com/solo-io/gloo-mesh-enterprise/pkg/translator.(*reconciler).reconcileState\n\t/src/pkg/translator/reconciler.go:199\ngithub.com/solo-io/gloo-mesh-enterprise/pkg/translator.(*reconciler).Run.func1\n\t/src/pkg/translator/reconciler.go:119\ngithub.com/solo-io/gloo-mesh-enterprise/pkg/translator.(*reconciler).Run\n\t/src/pkg/translator/reconciler.go:174\ngithub.com/solo-io/gloo-mesh-enterprise/pkg/translator.StartFunc.func1\n\t/src/pkg/translator/start_func.go:132\ngithub.com/solo-io/gloo-mesh-enterprise/pkg/bootstrap.addMulti.func1\n\t/src/pkg/bootstrap/bootstrap.go:286\ngithub.com/solo-io/go-utils/errgroup.(*Group).Go.func1\n\t/go/pkg/mod/github.com/solo-io/go-utils@v0.21.26/errgroup/errgroup.go:60"}
panic: runtime error: invalid memory address or nil pointer dereference
[signal SIGSEGV: segmentation violation code=0x1 addr=0x0 pc=0x45f5eec]

goroutine 3953 [running]:
github.com/solo-io/gloo-mesh-enterprise/pkg/translator/plugins/accesspolicy.(*plugin).translateServiceAccountSelector(0xc006ff2020, 0xc006fbc310, 0xc005201cc0)
	/src/pkg/translator/plugins/accesspolicy/access_policy_plugin.go:874 +0x8ec
github.com/solo-io/gloo-mesh-enterprise/pkg/translator/plugins/accesspolicy.(*plugin).translateFromRule(0xc006ff2020, 0xc002e3df40, 0xc005201cc0)
	/src/pkg/translator/plugins/accesspolicy/access_policy_plugin.go:634 +0xaf
github.com/solo-io/gloo-mesh-enterprise/pkg/translator/plugins/accesspolicy.(*plugin).translateAuthorizationPolicy(_, {{0xc002f262a0, 0x2f}, {0x0, 0x0}, {0xc000f2b550, 0xc}, {0x0, 0x0}, {0x0, ...}, ...}, ...)
	/src/pkg/translator/plugins/accesspolicy/access_policy_plugin.go:577 +0x165
github.com/solo-io/gloo-mesh-enterprise/pkg/translator/plugins/accesspolicy.(*plugin).applyServiceIsolation(0xc006ff2020, {0x588c190, 0xc0037dd240}, {{0xc000d64548, 0x4}, 0x1b58, 0x1b58, {0xc000d6454c, 0x3}, 0x0}, ...)
	/src/pkg/translator/plugins/accesspolicy/access_policy_plugin.go:494 +0x96e
github.com/solo-io/gloo-mesh-enterprise/pkg/translator/plugins/accesspolicy.(*plugin).ApplyToDestinationPort(0xc006ff2020, 0xc002e3de40, 0xc007756fc0)
	/src/pkg/translator/plugins/accesspolicy/access_policy_plugin.go:172 +0xa6a
github.com/solo-io/gloo-mesh-enterprise/pkg/translator/plugins/registry.(*initializedPlugins).ApplyToDestinationPort(0xc007a54210, 0xc002e3de40, 0xc007756fc0)
	/src/pkg/translator/plugins/registry/plugin_registry.go:163 +0x26d
github.com/solo-io/gloo-mesh-enterprise/pkg/translator/destination.applyPortPlugins(0xc007756f30, {{0xc000d64548, 0x4}, 0x1b58, 0x1b58, {0xc000d6454c, 0x3}, 0x0}, 0xc0079dfa90, {0x5885b58, ...}, ...)
	/src/pkg/translator/destination/destination_translator.go:251 +0x185
github.com/solo-io/gloo-mesh-enterprise/pkg/translator/destination.translatePortPolicies(0xc007756f30, {0x588c190, 0xc0037dd240}, {0x5885b58, 0xc006028aa0}, 0xc005201cc0)
	/src/pkg/translator/destination/destination_translator.go:173 +0x2bd
github.com/solo-io/gloo-mesh-enterprise/pkg/translator/destination.(*destinationTranslator).translateDestination(0x7991660, {0xc002f26270, 0x2e}, {0x588c190, 0xc0037dd240}, {0x5885ba8, 0xc007a54210}, {0x78ca490, 0x1, 0x1}, ...)
	/src/pkg/translator/destination/destination_translator.go:78 +0xde
github.com/solo-io/gloo-mesh-enterprise/pkg/translator/destination.(*destinationTranslator).TranslateDestination(0x7991660, {0x588c190, 0xc0037dd240}, {0x5885ba8, 0xc007a54210}, {0x78ca490, 0x1, 0x1}, 0xc005201cc0)
	/src/pkg/translator/destination/destination_translator.go:49 +0x35d
github.com/solo-io/gloo-mesh-enterprise/pkg/translator/destination/service.(*serviceTranslator).TranslateService(0xc003cbf180, 0xc008b86280, {0x5885ba8, 0xc007a54210}, 0xc005201cc0)
	/src/pkg/translator/destination/service/service_translator.go:55 +0x27c
github.com/solo-io/gloo-mesh-enterprise/pkg/translator.(*translator).translateServices(0xc0004d9ec0, 0xc005201cc0, 0xc007a54990, {0x5885ba8, 0xc007a54210})
	/src/pkg/translator/translator.go:504 +0x1a2
github.com/solo-io/gloo-mesh-enterprise/pkg/translator.(*translator).translateContext(0xc0004d9ec0, 0xc005201cc0, {0x5885ba8, 0xc007a54210})
	/src/pkg/translator/translator.go:314 +0x179
github.com/solo-io/gloo-mesh-enterprise/pkg/translator.(*translator).translateParallel(0xc0004d9ec0, 0xc005201cc0, {0x5885ba8, 0xc007a54210})
	/src/pkg/translator/translator.go:269 +0x267
github.com/solo-io/gloo-mesh-enterprise/pkg/translator.(*translator).TranslateOutputs.func2({0xc00387c7b0, 0xc00387c6f0})
	/src/pkg/translator/translator.go:207 +0xfa
github.com/solo-io/gloo-mesh-enterprise/pkg/utils/syncutils.(*workQueue).Execute.func1()
	/src/pkg/utils/syncutils/parallel.go:52 +0x1ec
created by github.com/solo-io/gloo-mesh-enterprise/pkg/utils/syncutils.(*workQueue).Execute
	/src/pkg/utils/syncutils/parallel.go:45 +0x1fb
